<?xml version="1.0" encoding="UTF-8"?>
<coverage generated="1524629308326" clover="3.2.0">
  <project timestamp="1524629308327" name="All files">
    <metrics statements="43" coveredstatements="39" conditionals="4" coveredconditionals="1" methods="15" coveredmethods="13" elements="62" coveredelements="53" complexity="0" loc="43" ncloc="43" packages="2" files="7" classes="7">
      <package name="client.src.components">
        <metrics statements="42" coveredstatements="38" conditionals="4" coveredconditionals="1" methods="15" coveredmethods="13"/>
        <file name="Booking.jsx" path="/Users/Pooja_Kodavanti/Desktop/HR-FEC/sidebar/client/src/components/Booking.jsx">
          <metrics statements="3" coveredstatements="3" conditionals="0" coveredconditionals="0" methods="1" coveredmethods="1"/>
          <line num="4" count="2" type="stmt"/>
          <line num="6" count="1" type="stmt"/>
          <line num="14" count="2" type="stmt"/>
        </file>
        <file name="Contact.jsx" path="/Users/Pooja_Kodavanti/Desktop/HR-FEC/sidebar/client/src/components/Contact.jsx">
          <metrics statements="7" coveredstatements="7" conditionals="0" coveredconditionals="0" methods="2" coveredmethods="2"/>
          <line num="6" count="2" type="stmt"/>
          <line num="11" count="2" type="stmt"/>
          <line num="12" count="2" type="stmt"/>
          <line num="13" count="2" type="stmt"/>
          <line num="14" count="2" type="stmt"/>
          <line num="16" count="2" type="stmt"/>
          <line num="58" count="2" type="stmt"/>
        </file>
        <file name="GMap.jsx" path="/Users/Pooja_Kodavanti/Desktop/HR-FEC/sidebar/client/src/components/GMap.jsx">
          <metrics statements="4" coveredstatements="4" conditionals="0" coveredconditionals="0" methods="1" coveredmethods="1"/>
          <line num="3" count="2" type="stmt"/>
          <line num="4" count="2" type="stmt"/>
          <line num="6" count="2" type="stmt"/>
          <line num="22" count="2" type="stmt"/>
        </file>
        <file name="Hours.jsx" path="/Users/Pooja_Kodavanti/Desktop/HR-FEC/sidebar/client/src/components/Hours.jsx">
          <metrics statements="9" coveredstatements="9" conditionals="0" coveredconditionals="0" methods="4" coveredmethods="4"/>
          <line num="11" count="2" type="stmt"/>
          <line num="13" count="2" type="stmt"/>
          <line num="16" count="2" type="stmt"/>
          <line num="21" count="2" type="stmt"/>
          <line num="25" count="2" type="stmt"/>
          <line num="26" count="2" type="stmt"/>
          <line num="27" count="2" type="stmt"/>
          <line num="33" count="4" type="stmt"/>
          <line num="41" count="2" type="stmt"/>
        </file>
        <file name="Menu.jsx" path="/Users/Pooja_Kodavanti/Desktop/HR-FEC/sidebar/client/src/components/Menu.jsx">
          <metrics statements="3" coveredstatements="3" conditionals="0" coveredconditionals="0" methods="1" coveredmethods="1"/>
          <line num="4" count="2" type="stmt"/>
          <line num="6" count="2" type="stmt"/>
          <line num="14" count="2" type="stmt"/>
        </file>
        <file name="Sidebar.jsx" path="/Users/Pooja_Kodavanti/Desktop/HR-FEC/sidebar/client/src/components/Sidebar.jsx">
          <metrics statements="16" coveredstatements="12" conditionals="4" coveredconditionals="1" methods="6" coveredmethods="4"/>
          <line num="8" count="1" type="stmt"/>
          <line num="14" count="1" type="stmt"/>
          <line num="16" count="1" type="stmt"/>
          <line num="21" count="1" type="stmt"/>
          <line num="24" count="1" type="stmt"/>
          <line num="28" count="1" type="stmt"/>
          <line num="29" count="1" type="stmt"/>
          <line num="30" count="1" type="stmt"/>
          <line num="32" count="0" type="stmt"/>
          <line num="37" count="0" type="stmt"/>
          <line num="41" count="1" type="stmt"/>
          <line num="42" count="1" type="cond" truecount="1" falsecount="1"/>
          <line num="43" count="1" type="stmt"/>
          <line num="45" count="0" type="cond" truecount="0" falsecount="2"/>
          <line num="46" count="0" type="stmt"/>
          <line num="77" count="1" type="stmt"/>
        </file>
      </package>
      <package name="tests">
        <metrics statements="1" coveredstatements="1" conditionals="0" coveredconditionals="0" methods="0" coveredmethods="0"/>
        <file name="styleMock.js" path="/Users/Pooja_Kodavanti/Desktop/HR-FEC/sidebar/tests/styleMock.js">
          <metrics statements="1" coveredstatements="1" conditionals="0" coveredconditionals="0" methods="0" coveredmethods="0"/>
          <line num="1" count="1" type="stmt"/>
        </file>
      </package>
    </metrics>
  </project>
</coverage>
