{"/Users/Pooja_Kodavanti/Desktop/HR-FEC/sidebar/client/src/components/Booking.jsx": {"path":"/Users/Pooja_Kodavanti/Desktop/HR-FEC/sidebar/client/src/components/Booking.jsx","statementMap":{"0":{"start":{"line":4,"column":16},"end":{"line":11,"column":1}},"1":{"start":{"line":6,"column":2},"end":{"line":10,"column":3}},"2":{"start":{"line":14,"column":0},"end":{"line":14,"column":25}}},"fnMap":{"0":{"name":"(anonymous_0)","decl":{"start":{"line":4,"column":16},"end":{"line":4,"column":17}},"loc":{"start":{"line":4,"column":27},"end":{"line":11,"column":1}},"line":4}},"branchMap":{},"s":{"0":2,"1":1,"2":2},"f":{"0":1},"b":{},"_coverageSchema":"332fd63041d2c1bcb487cc26dd0d5f7d97098a6c","hash":"d03fc19085074dd3b441d3b4f21c6fab234ae48b"}
,"/Users/Pooja_Kodavanti/Desktop/HR-FEC/sidebar/client/src/components/Contact.jsx": {"path":"/Users/Pooja_Kodavanti/Desktop/HR-FEC/sidebar/client/src/components/Contact.jsx","statementMap":{"0":{"start":{"line":6,"column":4},"end":{"line":6,"column":17}},"1":{"start":{"line":11,"column":14},"end":{"line":11,"column":39}},"2":{"start":{"line":12,"column":16},"end":{"line":12,"column":52}},"3":{"start":{"line":13,"column":18},"end":{"line":13,"column":117}},"4":{"start":{"line":14,"column":19},"end":{"line":14,"column":135}},"5":{"start":{"line":16,"column":4},"end":{"line":54,"column":5}},"6":{"start":{"line":58,"column":0},"end":{"line":58,"column":25}}},"fnMap":{"0":{"name":"(anonymous_0)","decl":{"start":{"line":5,"column":2},"end":{"line":5,"column":3}},"loc":{"start":{"line":5,"column":21},"end":{"line":7,"column":3}},"line":5},"1":{"name":"(anonymous_1)","decl":{"start":{"line":9,"column":2},"end":{"line":9,"column":3}},"loc":{"start":{"line":9,"column":11},"end":{"line":55,"column":3}},"line":9}},"branchMap":{},"s":{"0":2,"1":2,"2":2,"3":2,"4":2,"5":2,"6":2},"f":{"0":2,"1":2},"b":{},"_coverageSchema":"332fd63041d2c1bcb487cc26dd0d5f7d97098a6c","hash":"9438079e8eb6c80399451698ac738e3d1f3f1d99"}
,"/Users/Pooja_Kodavanti/Desktop/HR-FEC/sidebar/client/src/components/GMap.jsx": {"path":"/Users/Pooja_Kodavanti/Desktop/HR-FEC/sidebar/client/src/components/GMap.jsx","statementMap":{"0":{"start":{"line":3,"column":13},"end":{"line":19,"column":1}},"1":{"start":{"line":4,"column":15},"end":{"line":4,"column":126}},"2":{"start":{"line":6,"column":2},"end":{"line":18,"column":3}},"3":{"start":{"line":22,"column":0},"end":{"line":22,"column":19}}},"fnMap":{"0":{"name":"(anonymous_0)","decl":{"start":{"line":3,"column":13},"end":{"line":3,"column":14}},"loc":{"start":{"line":3,"column":24},"end":{"line":19,"column":1}},"line":3}},"branchMap":{},"s":{"0":2,"1":2,"2":2,"3":2},"f":{"0":2},"b":{},"_coverageSchema":"332fd63041d2c1bcb487cc26dd0d5f7d97098a6c","hash":"5c6333703c26dd8cfb40bf7a8fff0c8c06699935"}
,"/Users/Pooja_Kodavanti/Desktop/HR-FEC/sidebar/client/src/components/Hours.jsx": {"path":"/Users/Pooja_Kodavanti/Desktop/HR-FEC/sidebar/client/src/components/Hours.jsx","statementMap":{"0":{"start":{"line":11,"column":4},"end":{"line":11,"column":17}},"1":{"start":{"line":13,"column":4},"end":{"line":15,"column":6}},"2":{"start":{"line":16,"column":4},"end":{"line":16,"column":46}},"3":{"start":{"line":21,"column":4},"end":{"line":21,"column":21}},"4":{"start":{"line":25,"column":18},"end":{"line":25,"column":36}},"5":{"start":{"line":26,"column":20},"end":{"line":26,"column":98}},"6":{"start":{"line":27,"column":4},"end":{"line":29,"column":6}},"7":{"start":{"line":33,"column":3},"end":{"line":38,"column":4}},"8":{"start":{"line":41,"column":0},"end":{"line":41,"column":21}}},"fnMap":{"0":{"name":"(anonymous_0)","decl":{"start":{"line":10,"column":2},"end":{"line":10,"column":3}},"loc":{"start":{"line":10,"column":21},"end":{"line":18,"column":3}},"line":10},"1":{"name":"(anonymous_1)","decl":{"start":{"line":20,"column":2},"end":{"line":20,"column":3}},"loc":{"start":{"line":20,"column":22},"end":{"line":22,"column":3}},"line":20},"2":{"name":"(anonymous_2)","decl":{"start":{"line":24,"column":2},"end":{"line":24,"column":3}},"loc":{"start":{"line":24,"column":14},"end":{"line":30,"column":3}},"line":24},"3":{"name":"(anonymous_3)","decl":{"start":{"line":32,"column":2},"end":{"line":32,"column":3}},"loc":{"start":{"line":32,"column":11},"end":{"line":39,"column":3}},"line":32}},"branchMap":{},"s":{"0":2,"1":2,"2":2,"3":2,"4":2,"5":2,"6":2,"7":4,"8":2},"f":{"0":2,"1":2,"2":2,"3":4},"b":{},"_coverageSchema":"332fd63041d2c1bcb487cc26dd0d5f7d97098a6c","hash":"a6e02fcfe00bac5e30a27252c8f9a963f18fcf6b"}
,"/Users/Pooja_Kodavanti/Desktop/HR-FEC/sidebar/client/src/components/Menu.jsx": {"path":"/Users/Pooja_Kodavanti/Desktop/HR-FEC/sidebar/client/src/components/Menu.jsx","statementMap":{"0":{"start":{"line":4,"column":13},"end":{"line":11,"column":1}},"1":{"start":{"line":6,"column":2},"end":{"line":10,"column":3}},"2":{"start":{"line":14,"column":0},"end":{"line":14,"column":19}}},"fnMap":{"0":{"name":"(anonymous_0)","decl":{"start":{"line":4,"column":13},"end":{"line":4,"column":14}},"loc":{"start":{"line":4,"column":28},"end":{"line":11,"column":1}},"line":4}},"branchMap":{},"s":{"0":2,"1":2,"2":2},"f":{"0":2},"b":{},"_coverageSchema":"332fd63041d2c1bcb487cc26dd0d5f7d97098a6c","hash":"0f2eb77404672272d433bc2226834b961561acbc"}
,"/Users/Pooja_Kodavanti/Desktop/HR-FEC/sidebar/client/src/components/Sidebar.jsx": {"path":"/Users/Pooja_Kodavanti/Desktop/HR-FEC/sidebar/client/src/components/Sidebar.jsx","statementMap":{"0":{"start":{"line":8,"column":14},"end":{"line":8,"column":30}},"1":{"start":{"line":14,"column":4},"end":{"line":14,"column":17}},"2":{"start":{"line":16,"column":4},"end":{"line":19,"column":6}},"3":{"start":{"line":21,"column":4},"end":{"line":21,"column":45}},"4":{"start":{"line":24,"column":4},"end":{"line":24,"column":20}},"5":{"start":{"line":28,"column":18},"end":{"line":28,"column":22}},"6":{"start":{"line":29,"column":13},"end":{"line":29,"column":47}},"7":{"start":{"line":30,"column":4},"end":{"line":37,"column":38}},"8":{"start":{"line":32,"column":6},"end":{"line":35,"column":8}},"9":{"start":{"line":37,"column":20},"end":{"line":37,"column":36}},"10":{"start":{"line":41,"column":82},"end":{"line":41,"column":98}},"11":{"start":{"line":42,"column":4},"end":{"line":44,"column":5}},"12":{"start":{"line":43,"column":6},"end":{"line":43,"column":34}},"13":{"start":{"line":45,"column":4},"end":{"line":71,"column":5}},"14":{"start":{"line":46,"column":6},"end":{"line":70,"column":8}},"15":{"start":{"line":77,"column":0},"end":{"line":77,"column":25}}},"fnMap":{"0":{"name":"(anonymous_0)","decl":{"start":{"line":13,"column":2},"end":{"line":13,"column":3}},"loc":{"start":{"line":13,"column":21},"end":{"line":22,"column":3}},"line":13},"1":{"name":"(anonymous_1)","decl":{"start":{"line":23,"column":2},"end":{"line":23,"column":3}},"loc":{"start":{"line":23,"column":22},"end":{"line":25,"column":3}},"line":23},"2":{"name":"(anonymous_2)","decl":{"start":{"line":27,"column":2},"end":{"line":27,"column":3}},"loc":{"start":{"line":27,"column":13},"end":{"line":38,"column":3}},"line":27},"3":{"name":"(anonymous_3)","decl":{"start":{"line":31,"column":10},"end":{"line":31,"column":11}},"loc":{"start":{"line":31,"column":19},"end":{"line":36,"column":5}},"line":31},"4":{"name":"(anonymous_4)","decl":{"start":{"line":37,"column":11},"end":{"line":37,"column":12}},"loc":{"start":{"line":37,"column":20},"end":{"line":37,"column":36}},"line":37},"5":{"name":"(anonymous_5)","decl":{"start":{"line":40,"column":2},"end":{"line":40,"column":3}},"loc":{"start":{"line":40,"column":11},"end":{"line":72,"column":3}},"line":40}},"branchMap":{"0":{"loc":{"start":{"line":42,"column":4},"end":{"line":44,"column":5}},"type":"if","locations":[{"start":{"line":42,"column":4},"end":{"line":44,"column":5}},{"start":{"line":42,"column":4},"end":{"line":44,"column":5}}],"line":42},"1":{"loc":{"start":{"line":45,"column":4},"end":{"line":71,"column":5}},"type":"if","locations":[{"start":{"line":45,"column":4},"end":{"line":71,"column":5}},{"start":{"line":45,"column":4},"end":{"line":71,"column":5}}],"line":45}},"s":{"0":1,"1":1,"2":1,"3":1,"4":1,"5":1,"6":1,"7":1,"8":0,"9":0,"10":1,"11":1,"12":1,"13":0,"14":0,"15":1},"f":{"0":1,"1":1,"2":1,"3":0,"4":0,"5":1},"b":{"0":[1,0],"1":[0,0]},"_coverageSchema":"332fd63041d2c1bcb487cc26dd0d5f7d97098a6c","hash":"ccd3be6ab1788e5f2a1e854788a06a3cbc1708b3"}
,"/Users/Pooja_Kodavanti/Desktop/HR-FEC/sidebar/tests/styleMock.js": {"path":"/Users/Pooja_Kodavanti/Desktop/HR-FEC/sidebar/tests/styleMock.js","statementMap":{"0":{"start":{"line":1,"column":0},"end":{"line":1,"column":20}}},"fnMap":{},"branchMap":{},"s":{"0":1},"f":{},"b":{},"_coverageSchema":"332fd63041d2c1bcb487cc26dd0d5f7d97098a6c","hash":"e575ca54a2493590befefbc205b97818a1c894e4"}
}
