TN:
SF:/Users/yogitasheth/Desktop/feastbeastsidebar/sidebar/database/index.js
FN:9,(anonymous_0)
FN:13,(anonymous_1)
FN:20,(anonymous_2)
FN:42,(anonymous_3)
FNF:4
FNH:2
FNDA:1,(anonymous_0)
FNDA:0,(anonymous_1)
FNDA:1,(anonymous_2)
FNDA:0,(anonymous_3)
DA:1,1
DA:3,1
DA:5,1
DA:7,1
DA:9,1
DA:10,1
DA:13,1
DA:14,0
DA:15,0
DA:18,1
DA:19,1
DA:20,1
DA:22,1
DA:40,1
DA:42,1
DA:43,0
DA:46,1
DA:47,1
LF:18
LH:15
BRF:0
BRH:0
end_of_record
TN:
SF:/Users/yogitasheth/Desktop/feastbeastsidebar/sidebar/database/writeCsvFile.js
FN:9,(anonymous_0)
FN:34,(anonymous_1)
FN:41,write
FNF:3
FNH:3
FNDA:39,(anonymous_0)
FNDA:1,(anonymous_1)
FNDA:1,write
DA:1,1
DA:2,1
DA:7,1
DA:8,1
DA:9,1
DA:10,39
DA:11,39
DA:12,39
DA:13,39
DA:14,39
DA:15,39
DA:16,39
DA:17,39
DA:18,39
DA:27,39
DA:28,39
DA:30,39
DA:31,39
DA:34,1
DA:35,1
DA:39,1
DA:40,1
DA:41,1
DA:42,1
DA:43,1
DA:44,36
DA:45,36
DA:47,1
DA:48,1
DA:51,1
DA:54,1
DA:55,1
LF:32
LH:32
BRDA:46,0,0,36
BRDA:46,0,1,36
BRDA:47,1,0,1
BRDA:47,1,1,0
BRF:4
BRH:3
end_of_record
