TN:
SF:/Users/Pooja_Kodavanti/Desktop/HR-FEC/sidebar/client/src/components/Booking.jsx
FN:4,(anonymous_0)
FNF:1
FNH:1
FNDA:1,(anonymous_0)
DA:4,2
DA:6,1
DA:14,2
LF:3
LH:3
BRF:0
BRH:0
end_of_record
TN:
SF:/Users/Pooja_Kodavanti/Desktop/HR-FEC/sidebar/client/src/components/Contact.jsx
FN:5,(anonymous_0)
FN:9,(anonymous_1)
FNF:2
FNH:2
FNDA:2,(anonymous_0)
FNDA:2,(anonymous_1)
DA:6,2
DA:11,2
DA:12,2
DA:13,2
DA:14,2
DA:16,2
DA:58,2
LF:7
LH:7
BRF:0
BRH:0
end_of_record
TN:
SF:/Users/Pooja_Kodavanti/Desktop/HR-FEC/sidebar/client/src/components/GMap.jsx
FN:3,(anonymous_0)
FNF:1
FNH:1
FNDA:2,(anonymous_0)
DA:3,2
DA:4,2
DA:6,2
DA:22,2
LF:4
LH:4
BRF:0
BRH:0
end_of_record
TN:
SF:/Users/Pooja_Kodavanti/Desktop/HR-FEC/sidebar/client/src/components/Hours.jsx
FN:10,(anonymous_0)
FN:20,(anonymous_1)
FN:24,(anonymous_2)
FN:32,(anonymous_3)
FNF:4
FNH:4
FNDA:2,(anonymous_0)
FNDA:2,(anonymous_1)
FNDA:2,(anonymous_2)
FNDA:4,(anonymous_3)
DA:11,2
DA:13,2
DA:16,2
DA:21,2
DA:25,2
DA:26,2
DA:27,2
DA:33,4
DA:41,2
LF:9
LH:9
BRF:0
BRH:0
end_of_record
TN:
SF:/Users/Pooja_Kodavanti/Desktop/HR-FEC/sidebar/client/src/components/Menu.jsx
FN:4,(anonymous_0)
FNF:1
FNH:1
FNDA:2,(anonymous_0)
DA:4,2
DA:6,2
DA:14,2
LF:3
LH:3
BRF:0
BRH:0
end_of_record
TN:
SF:/Users/Pooja_Kodavanti/Desktop/HR-FEC/sidebar/client/src/components/Sidebar.jsx
FN:13,(anonymous_0)
FN:23,(anonymous_1)
FN:27,(anonymous_2)
FN:31,(anonymous_3)
FN:37,(anonymous_4)
FN:40,(anonymous_5)
FNF:6
FNH:4
FNDA:1,(anonymous_0)
FNDA:1,(anonymous_1)
FNDA:1,(anonymous_2)
FNDA:0,(anonymous_3)
FNDA:0,(anonymous_4)
FNDA:1,(anonymous_5)
DA:8,1
DA:14,1
DA:16,1
DA:21,1
DA:24,1
DA:28,1
DA:29,1
DA:30,1
DA:32,0
DA:37,0
DA:41,1
DA:42,1
DA:43,1
DA:45,0
DA:46,0
DA:77,1
LF:16
LH:12
BRDA:42,0,0,1
BRDA:42,0,1,0
BRDA:45,1,0,0
BRDA:45,1,1,0
BRF:4
BRH:1
end_of_record
TN:
SF:/Users/Pooja_Kodavanti/Desktop/HR-FEC/sidebar/tests/styleMock.js
FNF:0
FNH:0
DA:1,1
LF:1
LH:1
BRF:0
BRH:0
end_of_record
